<?xml version="1.0" encoding="UTF-8"?>
<!-- Generated by org.testng.reporters.JUnitXMLReporter -->
<testsuite ignored="0" hostname="DESKTOP-SBLE5NI" failures="0" tests="11" name="Default test" time="5.237" errors="0" timestamp="2024-09-08T22:07:04 CST">
  <testcase classname="petStoreApi.PetStoreApiTest" name="testCreatePet" time="3.763"/>
  <testcase classname="petStoreApi.PetStoreApiTest" name="testGetPetById" time="0.16"/>
  <testcase classname="petStoreApi.PetStoreApiTest" name="testUpdatePet" time="0.295"/>
  <testcase classname="petStoreApi.PetStoreApiTest" name="testGetUpdatedPetById" time="0.183"/>
  <testcase classname="petStoreApi.PetStoreApiTest" name="placeOrder" time="0.208"/>
  <testcase classname="petStoreApi.PetStoreApiTest" name="testFindPetsByStatus" time="0.109"/>
  <testcase classname="petStoreApi.PetStoreApiTest" name="findOrderById" time="0.119"/>
  <testcase classname="petStoreApi.PetStoreApiTest" name="createUser" time="0.127"/>
  <testcase classname="petStoreApi.PetStoreApiTest" name="deleteUser" time="0.027"/>
  <testcase classname="petStoreApi.PetStoreApiTest" name="deleteOrderById" time="0.024"/>
  <testcase classname="petStoreApi.PetStoreApiTest" name="testDeletePet" time="0.044"/>
</testsuite> <!-- Default test -->
