<?xml version="1.0" encoding="UTF-8"?>
<testng-results ignored="0" total="11" passed="11" failed="0" skipped="0">
  <reporter-output>
  </reporter-output>
  <suite started-at="2024-09-08T22:06:58 CST" name="Default suite" finished-at="2024-09-08T22:07:04 CST" duration-ms="5237">
    <groups>
    </groups>
    <test started-at="2024-09-08T22:06:58 CST" name="Default test" finished-at="2024-09-08T22:07:04 CST" duration-ms="5237">
      <class name="petStoreApi.PetStoreApiTest">
        <test-method signature="testCreatePet()[pri:1, instance:petStoreApi.PetStoreApiTest@2d195ee4]" started-at="2024-09-08T22:06:59 CST" name="testCreatePet" finished-at="2024-09-08T22:07:02 CST" duration-ms="3763" status="PASS">
          <reporter-output>
          </reporter-output>
        </test-method> <!-- testCreatePet -->
        <test-method signature="testGetPetById()[pri:2, instance:petStoreApi.PetStoreApiTest@2d195ee4]" started-at="2024-09-08T22:07:02 CST" name="testGetPetById" finished-at="2024-09-08T22:07:03 CST" duration-ms="160" status="PASS">
          <reporter-output>
          </reporter-output>
        </test-method> <!-- testGetPetById -->
        <test-method signature="testUpdatePet()[pri:3, instance:petStoreApi.PetStoreApiTest@2d195ee4]" started-at="2024-09-08T22:07:03 CST" name="testUpdatePet" finished-at="2024-09-08T22:07:03 CST" duration-ms="295" status="PASS">
          <reporter-output>
          </reporter-output>
        </test-method> <!-- testUpdatePet -->
        <test-method signature="testGetUpdatedPetById()[pri:4, instance:petStoreApi.PetStoreApiTest@2d195ee4]" started-at="2024-09-08T22:07:03 CST" name="testGetUpdatedPetById" finished-at="2024-09-08T22:07:03 CST" duration-ms="183" status="PASS">
          <reporter-output>
          </reporter-output>
        </test-method> <!-- testGetUpdatedPetById -->
        <test-method signature="placeOrder()[pri:5, instance:petStoreApi.PetStoreApiTest@2d195ee4]" started-at="2024-09-08T22:07:03 CST" name="placeOrder" finished-at="2024-09-08T22:07:03 CST" duration-ms="208" status="PASS">
          <reporter-output>
          </reporter-output>
        </test-method> <!-- placeOrder -->
        <test-method signature="testFindPetsByStatus()[pri:6, instance:petStoreApi.PetStoreApiTest@2d195ee4]" started-at="2024-09-08T22:07:03 CST" name="testFindPetsByStatus" finished-at="2024-09-08T22:07:03 CST" duration-ms="109" status="PASS">
          <reporter-output>
          </reporter-output>
        </test-method> <!-- testFindPetsByStatus -->
        <test-method signature="findOrderById()[pri:7, instance:petStoreApi.PetStoreApiTest@2d195ee4]" started-at="2024-09-08T22:07:03 CST" name="findOrderById" finished-at="2024-09-08T22:07:03 CST" duration-ms="119" status="PASS">
          <reporter-output>
          </reporter-output>
        </test-method> <!-- findOrderById -->
        <test-method signature="createUser()[pri:8, instance:petStoreApi.PetStoreApiTest@2d195ee4]" started-at="2024-09-08T22:07:03 CST" name="createUser" finished-at="2024-09-08T22:07:04 CST" duration-ms="127" status="PASS">
          <reporter-output>
          </reporter-output>
        </test-method> <!-- createUser -->
        <test-method signature="deleteUser()[pri:10, instance:petStoreApi.PetStoreApiTest@2d195ee4]" started-at="2024-09-08T22:07:04 CST" name="deleteUser" finished-at="2024-09-08T22:07:04 CST" duration-ms="27" status="PASS">
          <reporter-output>
          </reporter-output>
        </test-method> <!-- deleteUser -->
        <test-method signature="deleteOrderById()[pri:11, instance:petStoreApi.PetStoreApiTest@2d195ee4]" started-at="2024-09-08T22:07:04 CST" name="deleteOrderById" finished-at="2024-09-08T22:07:04 CST" duration-ms="24" status="PASS">
          <reporter-output>
          </reporter-output>
        </test-method> <!-- deleteOrderById -->
        <test-method signature="testDeletePet()[pri:12, instance:petStoreApi.PetStoreApiTest@2d195ee4]" started-at="2024-09-08T22:07:04 CST" name="testDeletePet" finished-at="2024-09-08T22:07:04 CST" duration-ms="44" status="PASS">
          <reporter-output>
          </reporter-output>
        </test-method> <!-- testDeletePet -->
      </class> <!-- petStoreApi.PetStoreApiTest -->
    </test> <!-- Default test -->
  </suite> <!-- Default suite -->
</testng-results>
